sample.interval=20000
"file.exists" "find.package" "index.search" "help" "eval" "eval" "?" 
"grepl" "put" "putw" "writeBlock" "writeContent" "writeSection" "<Anonymous>" "print.help_files_with_topic" "print" 
"paste" "strwrap" "flushBuffer" "blankLine" "writeSection" "<Anonymous>" "print.help_files_with_topic" "print" 
"file.show" "print.help_files_with_topic" "print" 
"gzfile" "readRDS" "FUN" "lapply" "find.package" "index.search" "help" "eval" "eval" "?" 
"set" "lazyLoadDBexec" "<Anonymous>" ".getHelpFile" "prepare_Rd" "<Anonymous>" "print.help_files_with_topic" "print" 
"lapply" "sapply" "RdTags" "writeContent" "writeQ" "writeBlock" "writeContent" "writeSection" "<Anonymous>" "print.help_files_with_topic" "print" 
"file.show" "print.help_files_with_topic" "print" 
"readRDS" "index.search" "help" "eval" "eval" "?" 
"strsplit" "lapply" "strwrap" "flushBuffer" "blankLine" "writeContent" "writeSection" "<Anonymous>" "print.help_files_with_topic" "print" 
"psub" "unescape" "paste0" "put" "putw" "writeBlock" "writeContent" "writeBlock" "writeContent" "writeQ" "writeBlock" "writeContent" "writeSection" "<Anonymous>" "print.help_files_with_topic" "print" 
"file.show" "print.help_files_with_topic" "print" 
"ls" "loadedNamespaces" "match" "%in%" "find.package" "index.search" "help" "eval" "eval" "?" 
"close" "readRDS" "index.search" "help" "eval" "eval" "?" 
"close.connection" "close" "readRDS" "help.search" "eval" "eval" "?" 
"gzfile" "readRDS" "help.search" "eval" "eval" "?" 
"gzfile" "readRDS" "help.search" "eval" "eval" "?" 
"readRDS" "help.search" "eval" "eval" "?" 
"file.exists" "merge.vignette.index" "help.search" "eval" "eval" "?" 
"readRDS" "help.search" "eval" "eval" "?" 
"file.exists" "merge.demo.index" "help.search" "eval" "eval" "?" 
"close.connection" "close" "readRDS" "help.search" "eval" "eval" "?" 
"gzfile" "readRDS" "merge.vignette.index" "help.search" "eval" "eval" "?" 
"readRDS" "help.search" "eval" "eval" "?" 
"readRDS" "help.search" "eval" "eval" "?" 
"readRDS" "help.search" "eval" "eval" "?" 
"merge.vignette.index" "help.search" "eval" "eval" "?" 
"rbind" "do.call" "help.search" "eval" "eval" "?" 
"paste" "help.search" "eval" "eval" "?" 
"help.search" "eval" "eval" "?" 
"help.search" "eval" "eval" "?" 
"help.search" "eval" "eval" "?" 
"help.search" "eval" "eval" "?" 
"help.search" "eval" "eval" "?" 
"help.search" "eval" "eval" "?" 
"help.search" "eval" "eval" "?" 
"agrep" "searchFun" "match" "searchDbField" "help.search" "eval" "eval" "?" 
"agrep" "searchFun" "match" "searchDbField" "help.search" "eval" "eval" "?" 
"agrep" "searchFun" "searchDbField" "help.search" "eval" "eval" "?" 
"agrep" "searchFun" "searchDbField" "help.search" "eval" "eval" "?" 
"list.files" "find.package" "index.search" "help" "eval" "eval" "?" 
"psub" "unescape" "paste0" "put" "putw" "writeBlock" "writeContent" "writeContent" "writeSection" "<Anonymous>" "print.help_files_with_topic" "print" 
"as.list" "lapply" "sapply" "RdTags" "writeContent" "writeQ" "writeBlock" "writeContent" "writeContent" "writeSection" "<Anonymous>" "print.help_files_with_topic" "print" 
"file.show" "print.help_files_with_topic" "print" 
"list.files" "find.package" "index.search" "help" "eval" "eval" "?" 
"lapply" "strwrap" "flushBuffer" "blankLine" "writeContent" "writeSection" "<Anonymous>" "print.help_files_with_topic" "print" 
"file.show" "print.help_files_with_topic" "print" 
"grep" "ls" "apropos" "normalCompletions" ".completeToken" 
"stop" "checkQuartzFont" "quartzFont" 
"file.exists" "find.package" "index.search" "help" "eval" "eval" "?" 
"strsplit" "lapply" "strwrap" "paste" "txt_header" "paste0" "put" "putf" "writeSection" "<Anonymous>" "print.help_files_with_topic" "print" 
"aperm.default" "aperm" "apply" "find.package" "index.search" "help" "eval" "eval" "?" 
"put" "putw" "writeBlock" "writeContent" "writeContent" "writeSection" "<Anonymous>" "print.help_files_with_topic" "print" 
"file.show" "print.help_files_with_topic" "print" 
"readRDS" "index.search" "help" "eval" "eval" "?" 
"FUN" "lapply" "sapply" "RdTags" "writeContent" "writeSection" "<Anonymous>" "print.help_files_with_topic" "print" 
"file" "<Anonymous>" "example" 
".External2" "plot.new" "mosaicplot.default" "mosaicplot" "eval" "eval" "withVisible" "source" "example" 
"text.default" "text" "mosaic.cell" "mosaicplot.default" "mosaicplot" "eval" "eval" "withVisible" "source" "example" 
"text.default" "text" "mosaic.cell" "Recall" "mosaic.cell" "Recall" "mosaic.cell" "mosaicplot.default" "mosaicplot" "eval" "eval" "withVisible" "source" "example" 
".External2" "plot.new" "mosaicplot.default" "mosaicplot" "mosaicplot.formula" "mosaicplot" "eval" "eval" "withVisible" "source" "example" 
".External2" "plot.new" "mosaicplot.default" "mosaicplot" "mosaicplot.formula" "mosaicplot" "eval" "eval" "withVisible" "source" "example" 
".External2" "plot.new" "mosaicplot.default" "mosaicplot" "mosaicplot.formula" "mosaicplot" "eval" "eval" "withVisible" "source" "example" 
".External2" "plot.new" "mosaicplot.default" "mosaicplot" "mosaicplot.formula" "mosaicplot" "eval" "eval" "withVisible" "source" "example" 
".External2" "plot.new" "mosaicplot.default" "mosaicplot" "mosaicplot.formula" "mosaicplot" "eval" "eval" "withVisible" "source" "example" 
".External2" "plot.new" "mosaicplot.default" "mosaicplot" "mosaicplot.formula" "mosaicplot" "eval" "eval" "withVisible" "source" "example" 
".External" "dev.flush" "mosaicplot.default" "mosaicplot" "mosaicplot.formula" "mosaicplot" "eval" "eval" "withVisible" "source" "example" 
".External2" "plot.new" "mosaicplot.default" "mosaicplot" "eval" "eval" "withVisible" "source" "example" 
".External2" "plot.new" "mosaicplot.default" "mosaicplot" "eval" "eval" "withVisible" "source" "example" 
".External2" "plot.new" "mosaicplot.default" "mosaicplot" "eval" "eval" "withVisible" "source" "example" 
".External2" "plot.new" "mosaicplot.default" "mosaicplot" "eval" "eval" "withVisible" "source" "example" 
"text.default" "text" "mosaicplot.default" "mosaicplot" "eval" "eval" "withVisible" "source" "example" 
"text.default" "text" "mosaic.cell" "Recall" "mosaic.cell" "Recall" "mosaic.cell" "mosaicplot.default" "mosaicplot" "eval" "eval" "withVisible" "source" "example" 
".External2" "plot.new" "mosaicplot.default" "mosaicplot" "eval" "eval" "withVisible" "source" "example" 
".External2" "plot.new" "mosaicplot.default" "mosaicplot" "eval" "eval" "withVisible" "source" "example" 
"text.default" "text" "mosaic.cell" "mosaicplot.default" "mosaicplot" "eval" "eval" "withVisible" "source" "example" 
"text.default" "text" "mosaic.cell" "Recall" "mosaic.cell" "Recall" "mosaic.cell" "mosaicplot.default" "mosaicplot" "eval" "eval" "withVisible" "source" "example" 
"text.default" "text" "mosaic.cell" "mosaicplot.default" "mosaicplot" "mosaicplot.formula" "mosaicplot" "eval" "eval" "withVisible" "source" "example" 
"strwidth" "mosaicplot.default" "mosaicplot" "mosaicplot.formula" "mosaicplot" "eval" "eval" "withVisible" "source" "example" 
"ls" "apropos" "normalCompletions" ".completeToken" 
"list.files" "find.package" "library" 
"as.name" "getNamespace" "asNamespace" "get" ":::" "registerS3methods" "loadNamespace" "asNamespace" "namespaceImportFrom" "loadNamespace" "doTryCatch" "tryCatchOne" "tryCatchList" "tryCatch" "try" "library" 
"objects" "match" "checkConflicts" "attach" "attachNamespace" "doTryCatch" "tryCatchOne" "tryCatchList" "tryCatch" "try" "library" 
"grep" "ls" "apropos" "normalCompletions" ".completeToken" 
"names" "names" "as.data.frame.AsIs" "as.data.frame" "data.frame" "do.call" "format.data.frame" "as.matrix" "print.data.frame" "print" 
"as.name" "eval" "FUN" "lapply" "strSub" "str.default" "NextMethod" "str.data.frame" "str" 
"as.name" "eval" "FUN" "lapply" "strSub" "str.default" "NextMethod" "str.data.frame" "str" 
"as.name" "eval" "FUN" "lapply" "strSub" "str.default" "NextMethod" "str.data.frame" "str" 
"ls" "apropos" "normalCompletions" ".completeToken" 
"FUN" "lapply" "methods" "doTryCatch" "tryCatchOne" "tryCatchList" "doTryCatch" "tryCatchOne" "tryCatchList" "tryCatch" "functionArgs" ".completeToken" 
"ls" "match" "%in%" "find" "getAnywhere" "<Anonymous>" "do.call" "FUN" "lapply" "unlist" "unique" "functionArgs" ".completeToken" 
"ls" "match" "%in%" "find" "getAnywhere" "<Anonymous>" "do.call" "FUN" "lapply" "unlist" "unique" "functionArgs" ".completeToken" 
"all.equal.numeric" "all.equal" "all.equal.list" "all.equal" "attr.all.equal" "all.equal.numeric" "all.equal" "isSymmetric.matrix" "eigen" "doTryCatch" "tryCatchOne" "tryCatchList" "tryCatch" "try" "cor.smooth" "smc" "fac" "fa" "fa.parallel" 
"all.equal" "all.equal.list" "all.equal" "attr.all.equal" "all.equal.numeric" "all.equal" "isSymmetric.matrix" "eigen" "fac" "fa" "fa.parallel" 
"matrix" "t" "fa.parallel" 
"axis" "Axis.default" "Axis" "localAxis" "plot.default" "plot" "fa.parallel" 
"plot.xy" "points.default" "points" "fa.parallel" 
"unique" "simplify2array" "sapply" "diag" "gr" "<Anonymous>" ".External2" "optim" "fit" "fac" "fa" "fa.parallel" 
"fa.stats" "factor.stats" "fac" "fa" "fa.parallel" 
"aperm" "apply" "fa.parallel" 
"plot.xy" "points.default" "points" "fa.parallel" 
"structure" ".POSIXct" "file.info" "find.package" "index.search" "help" "eval" "eval" "?" 
"readRDS" "index.search" "help" "eval" "eval" "?" 
".strip_whitespace" ".Rd_format_title" "<Anonymous>" "print.help_files_with_topic" "print" 
"grepl" "put" "putw" "writeBlock" "writeContent" "writeContent" "writeSection" "<Anonymous>" "print.help_files_with_topic" "print" 
"paste0" "put" "writeContent" "writeSection" "<Anonymous>" "print.help_files_with_topic" "print" 
"file.show" "print.help_files_with_topic" "print" 
"vapply" "pmax" "diag" "gr" "<Anonymous>" ".External2" "optim" "fit" "fac" "fa" "fa.parallel" 
"fn" "<Anonymous>" ".External2" "optim" "fit" "fac" "fa" "fa.parallel" 
"is.data.frame" "var" "FUN" "apply" "fa.parallel" 
".External" "dev.flush" "plot.default" "plot" "fa.parallel" 
"find.package" "index.search" "help" "eval" "eval" "?" 
"strwrap" "paste" "txt_header" "paste0" "put" "putf" "<Anonymous>" "print.help_files_with_topic" "print" 
"put" "putw" "writeBlock" "writeContent" "writeSection" "<Anonymous>" "print.help_files_with_topic" "print" 
"unlist" "strwrap" "flushBuffer" "blankLine" "writeContent" "writeSection" "<Anonymous>" "print.help_files_with_topic" "print" 
"file.show" "print.help_files_with_topic" "print" 
"diag" "gr" "<Anonymous>" ".External2" "optim" "fit" "fac" "fa" "fa.parallel" 
"attr.all.equal" "all.equal.character" "all.equal" "all.equal.list" "all.equal" "all.equal.list" "all.equal" "attr.all.equal" "all.equal.numeric" "all.equal" "isSymmetric.matrix" "eigen" "doTryCatch" "tryCatchOne" "tryCatchList" "tryCatch" "try" "cor.smooth" "fa.stats" "factor.stats" "fac" "fa" "fa.parallel" 
"axis" "Axis.default" "Axis" "localAxis" "plot.default" "plot" "fa.parallel" 
"int_abline" "abline" "fa.parallel" 
"all.equal.character" "all.equal" "all.equal.list" "all.equal" "all.equal.list" "all.equal" "attr.all.equal" "all.equal.numeric" "all.equal" "isSymmetric.matrix" "eigen" "fn" "<Anonymous>" ".External2" "optim" "fit" "fac" "fa" "fa.parallel" 
".Call" "mcfork" "FUN" "lapply" "mclapply" "fa.parallel" 
"axis" "Axis.default" "Axis" "localAxis" "plot.default" "plot" "fa.parallel" 
"lapply" "unlist" "par" "legend" "fa.parallel" 
"ls" "loadedNamespaces" "match" "%in%" "find.package" "index.search" "help" "eval" "eval" "?" 
"readRDS" "index.search" "help" "eval" "eval" "?" 
"paste" "paste0" "strwrap" "flushBuffer" "blankLine" "writeContent" "writeSection" "<Anonymous>" "print.help_files_with_topic" "print" 
"put" "writeQ" "writeBlock" "writeContent" "writeSection" "<Anonymous>" "print.help_files_with_topic" "print" 
"paste0" "put" "putw" "writeBlock" "writeContent" "writeSection" "<Anonymous>" "print.help_files_with_topic" "print" 
"diag<-" "fn" "<Anonymous>" ".External2" "optim" "fit" "fac" "fa" "fa.parallel" 
"stopifnot" "var" "FUN" "apply" "fa.parallel" 
"plot.xy" "points.default" "points" "fa.parallel" 
"as.matrix" "eigen" "gr" "<Anonymous>" ".External2" "optim" "fit" "fac" "fa" "fa.parallel" 
"is.atomic" "stopifnot" "var" "FUN" "apply" "fa.parallel" 
"plot.xy" "points.default" "points" "fa.parallel" 
"gr" "<Anonymous>" ".External2" "optim" "fit" "fac" "fa" "fa.parallel" 
"matrix" "t" "fa.parallel" 
"title" "localTitle" "plot.default" "plot" "fa.parallel" 
".deparseOpts" "deparse" "eval" "match.arg" "optim" "fit" "fac" "fa" "fa.parallel" 
"all.equal.list" "all.equal" "attr.all.equal" "all.equal.numeric" "all.equal" "isSymmetric.matrix" "eigen" "fn" "<Anonymous>" ".External2" "optim" "fit" "fac" "fa" "fa.parallel" 
".Call" "mcfork" "FUN" "lapply" "mclapply" "fa.parallel" 
"axis" "Axis.default" "Axis" "localAxis" "plot.default" "plot" "fa.parallel" 
"segments" "segments2" "legend" "fa.parallel" 
"gzfile" "readRDS" "FUN" "lapply" "find.package" "index.search" "help" "eval" "eval" "?" 
"set" "lazyLoadDBexec" "<Anonymous>" ".getHelpFile" "prepare_Rd" "<Anonymous>" "print.help_files_with_topic" "print" 
"strwrap" "flushBuffer" "blankLine" "writeContent" "writeSection" "<Anonymous>" "print.help_files_with_topic" "print" 
"grepl" "put" "writeContent" "writeSection" "<Anonymous>" "print.help_files_with_topic" "print" 
"file.show" "print.help_files_with_topic" "print" 
"attr.all.equal" "all.equal.numeric" "all.equal" "isSymmetric.matrix" "eigen" "fn" "<Anonymous>" ".External2" "optim" "fit" "fac" "fa" "fa.parallel" 
"diag<-" "fa.stats" "factor.stats" "fac" "fa" "fa.parallel" 
"axis" "Axis.default" "Axis" "localAxis" "plot.default" "plot" "fa.parallel" 
"text.default" "text" "text2" "legend" "fa.parallel" 
"ls" "match" "%in%" "find" "getAnywhere" "<Anonymous>" "do.call" "FUN" "lapply" "unlist" "unique" "functionArgs" ".completeToken" 
"ls" "apropos" "normalCompletions" ".completeToken" 
"lazyLoadDBfetch" "factor.scores" "principal" 
"lazyLoadDBfetch" "print.psych" "print" 
"lapply" "methods" "doTryCatch" "tryCatchOne" "tryCatchList" "doTryCatch" "tryCatchOne" "tryCatchList" "tryCatch" "functionArgs" ".completeToken" 
"match" "%in%" "find" "getAnywhere" "<Anonymous>" "do.call" "FUN" "lapply" "unlist" "unique" "functionArgs" ".completeToken" 
"correctFilenameToken" "fileCompletions" ".completeToken" 
".guessTokenFromLine" ".completeToken" 
"lazyLoadDBfetch" 
"getExportedValue" "::" "hist.default" "hist" 
"getNamespace" "axis" "plot.histogram" "plot" "hist.default" "hist" 
"ls" "apropos" "normalCompletions" ".completeToken" 
"ls" "apropos" "normalCompletions" ".completeToken" 
"axis" "plot.histogram" "plot" 
"axis" "plot.histogram" "plot" 
"axis" "plot.histogram" "plot" "hist.default" "hist" 
"int_abline" "abline" 
"rev" 
"polygon" 
"polygon.onehatch" "polygon.fullhatch" "polygon" 
"polygon.onehatch" "polygon.fullhatch" "polygon" 
"polygon.onehatch" "polygon.fullhatch" "polygon" 
"segments" "polygon.onehatch" "polygon.fullhatch" "polygon" 
"axis" "plot.histogram" "plot" "hist.default" "hist" 
"segments" "polygon.onehatch" "polygon.fullhatch" "polygon" 
"as.list" "par" "segments" "polygon.onehatch" "polygon.fullhatch" "polygon" 
"segments" "polygon.onehatch" "polygon.fullhatch" "polygon" 
"segments" "polygon.onehatch" "polygon.fullhatch" "polygon" 
"segments" "polygon.onehatch" "polygon.fullhatch" "polygon" 
"apply" "find.package" "index.search" "help" "eval" "eval" "?" 
"file.info" "find.package" "index.search" "help" "eval" "eval" "?" 
"gzfile" "readRDS" "index.search" "help" "eval" "eval" "?" 
"strwrap" "paste" "txt_header" "paste0" "put" "putf" "<Anonymous>" "print.help_files_with_topic" "print" 
"c" "put" "writeQ" "writeBlock" "writeContent" "writeContent" "writeSection" "<Anonymous>" "print.help_files_with_topic" "print" 
"FUN" "lapply" "sapply" "RdTags" "writeContent" "writeContent" "writeSection" "<Anonymous>" "print.help_files_with_topic" "print" 
"grepl" "put" "putw" "writeBlock" "writeContent" "writeSection" "<Anonymous>" "print.help_files_with_topic" "print" 
"file.show" "print.help_files_with_topic" "print" 
"file.show" "print.help_files_with_topic" "print" 
"ls" "loadedNamespaces" "match" "%in%" "find.package" "index.search" "help" "eval" "eval" "?" 
"close.connection" "close" "readRDS" "index.search" "help" "eval" "eval" "?" 
"match.arg" "frmt" "paste0" "put" "putw" "writeContent" "writeBlock" "writeContent" "writeContent" "writeSection" "<Anonymous>" "print.he